<?xml version="1.0" encoding="UTF-8"?>
<!-- Generated by org.testng.reporters.JUnitReportReporter -->
<testsuite hostname="DESKTOP-G1UOROV" name="com.dice.LoginTest" tests="1" failures="0" timestamp="19 Feb 2018 12:01:06 GMT" time="68.410" errors="0">
  <testcase name="positiveLogInTest" time="68.410" classname="com.dice.LoginTest"/>
</testsuite> <!-- com.dice.LoginTest -->
