<?xml version="1.0" encoding="UTF-8"?>
<!-- Generated by org.testng.reporters.JUnitReportReporter -->
<testsuite hostname="DESKTOP-G1UOROV" name="com.dice.SecondTest" tests="1" failures="0" timestamp="18 Feb 2018 12:43:58 GMT" time="1.792" errors="0">
  <testcase name="SecondTestMethod" time="1.792" classname="com.dice.SecondTest"/>
</testsuite> <!-- com.dice.SecondTest -->
