<?xml version="1.0" encoding="UTF-8"?>
<!-- Generated by org.testng.reporters.JUnitReportReporter -->
<testsuite hostname="DESKTOP-G1UOROV" name="com.dice.FirstTest" tests="1" failures="0" timestamp="20 Feb 2018 06:27:39 GMT" time="53.968" errors="0">
  <testcase name="firstTestMethod" time="53.968" classname="com.dice.FirstTest"/>
</testsuite> <!-- com.dice.FirstTest -->
