<?xml version="1.0" encoding="UTF-8"?>
<!-- Generated by org.testng.reporters.JUnitReportReporter -->
<testsuite hostname="DESKTOP-G1UOROV" name="com.dice.LoginTest" tests="1" failures="0" timestamp="20 Feb 2018 06:33:05 GMT" time="111.199" errors="0">
  <testcase name="positiveLogInTest" time="111.199" classname="com.dice.LoginTest"/>
</testsuite> <!-- com.dice.LoginTest -->
